[54614:15826905:0606/155935.997774:INFO:components/enterprise/browser/controller/chrome_browser_cloud_management_controller.cc:238] No machine level policy manager exists.
[54614:15826931:0606/155936.071829:WARNING:chrome/browser/extensions/external_pref_loader.cc:294] You are using an old-style extension deployment method (external_extensions.json), which will soon be deprecated. (see http://developer.chrome.com/docs/extensions/how-to/distribute/install-extensions)
[54614:15826905:0606/155937.367302:INFO:CONSOLE:326] "The AudioContext was not allowed to start. It must be resumed (or created) after a user gesture on the page. https://developer.chrome.com/blog/autoplay/#web_audio", source: file:///Users/teddy/Documents/github/typing-mini-games/app.js (326)
[54614:15826905:0606/155937.367359:INFO:CONSOLE:431] "Uncaught TypeError: this.drawParticles is not a function", source: file:///Users/teddy/Documents/github/typing-mini-games/wordDefender.js (431)
[54614:15826905:0606/155937.367374:INFO:CONSOLE:431] "Uncaught TypeError: this.drawParticles is not a function", source: file:///Users/teddy/Documents/github/typing-mini-games/wordDefender.js (431)
[54614:15826905:0606/155937.367400:INFO:CONSOLE:431] "Uncaught TypeError: this.drawParticles is not a function", source: file:///Users/teddy/Documents/github/typing-mini-games/wordDefender.js (431)
[54614:15826905:0606/155937.383146:INFO:CONSOLE:431] "Uncaught TypeError: this.drawParticles is not a function", source: file:///Users/teddy/Documents/github/typing-mini-games/wordDefender.js (431)
[54614:15826905:0606/155937.387540:INFO:CONSOLE:431] "Uncaught TypeError: this.drawParticles is not a function", source: file:///Users/teddy/Documents/github/typing-mini-games/wordDefender.js (431)
[54614:15826905:0606/155937.403751:INFO:CONSOLE:431] "Uncaught TypeError: this.drawParticles is not a function", source: file:///Users/teddy/Documents/github/typing-mini-games/wordDefender.js (431)
[54614:15826905:0606/155937.420668:INFO:CONSOLE:431] "Uncaught TypeError: this.drawParticles is not a function", source: file:///Users/teddy/Documents/github/typing-mini-games/wordDefender.js (431)
[54614:15826905:0606/155937.437989:INFO:CONSOLE:431] "Uncaught TypeError: this.drawParticles is not a function", source: file:///Users/teddy/Documents/github/typing-mini-games/wordDefender.js (431)
[54614:15826905:0606/155937.454315:INFO:CONSOLE:431] "Uncaught TypeError: this.drawParticles is not a function", source: file:///Users/teddy/Documents/github/typing-mini-games/wordDefender.js (431)
[54614:15826905:0606/155937.472056:INFO:CONSOLE:431] "Uncaught TypeError: this.drawParticles is not a function", source: file:///Users/teddy/Documents/github/typing-mini-games/wordDefender.js (431)
[54614:15826905:0606/155937.487789:INFO:CONSOLE:431] "Uncaught TypeError: this.drawParticles is not a function", source: file:///Users/teddy/Documents/github/typing-mini-games/wordDefender.js (431)
[54614:15826905:0606/155937.503011:INFO:CONSOLE:431] "Uncaught TypeError: this.drawParticles is not a function", source: file:///Users/teddy/Documents/github/typing-mini-games/wordDefender.js (431)
[54614:15826905:0606/155937.521244:INFO:CONSOLE:431] "Uncaught TypeError: this.drawParticles is not a function", source: file:///Users/teddy/Documents/github/typing-mini-games/wordDefender.js (431)
[54614:15826905:0606/155937.539144:INFO:CONSOLE:431] "Uncaught TypeError: this.drawParticles is not a function", source: file:///Users/teddy/Documents/github/typing-mini-games/wordDefender.js (431)
[54614:15826905:0606/155937.554207:INFO:CONSOLE:431] "Uncaught TypeError: this.drawParticles is not a function", source: file:///Users/teddy/Documents/github/typing-mini-games/wordDefender.js (431)
[54614:15826905:0606/155937.569888:INFO:CONSOLE:431] "Uncaught TypeError: this.drawParticles is not a function", source: file:///Users/teddy/Documents/github/typing-mini-games/wordDefender.js (431)
[54614:15826905:0606/155937.588766:INFO:CONSOLE:431] "Uncaught TypeError: this.drawParticles is not a function", source: file:///Users/teddy/Documents/github/typing-mini-games/wordDefender.js (431)
[54614:15826905:0606/155937.603261:INFO:CONSOLE:431] "Uncaught TypeError: this.drawParticles is not a function", source: file:///Users/teddy/Documents/github/typing-mini-games/wordDefender.js (431)
[54614:15826905:0606/155937.620659:INFO:CONSOLE:431] "Uncaught TypeError: this.drawParticles is not a function", source: file:///Users/teddy/Documents/github/typing-mini-games/wordDefender.js (431)
[54614:15826905:0606/155937.636982:INFO:CONSOLE:431] "Uncaught TypeError: this.drawParticles is not a function", source: file:///Users/teddy/Documents/github/typing-mini-games/wordDefender.js (431)
[54614:15826905:0606/155937.654825:INFO:CONSOLE:431] "Uncaught TypeError: this.drawParticles is not a function", source: file:///Users/teddy/Documents/github/typing-mini-games/wordDefender.js (431)
[54614:15826905:0606/155937.671605:INFO:CONSOLE:431] "Uncaught TypeError: this.drawParticles is not a function", source: file:///Users/teddy/Documents/github/typing-mini-games/wordDefender.js (431)
[54614:15826905:0606/155937.688301:INFO:CONSOLE:431] "Uncaught TypeError: this.drawParticles is not a function", source: file:///Users/teddy/Documents/github/typing-mini-games/wordDefender.js (431)
[54614:15826905:0606/155937.704703:INFO:CONSOLE:431] "Uncaught TypeError: this.drawParticles is not a function", source: file:///Users/teddy/Documents/github/typing-mini-games/wordDefender.js (431)
[54614:15826905:0606/155937.722043:INFO:CONSOLE:431] "Uncaught TypeError: this.drawParticles is not a function", source: file:///Users/teddy/Documents/github/typing-mini-games/wordDefender.js (431)
[54614:15826905:0606/155937.738904:INFO:CONSOLE:431] "Uncaught TypeError: this.drawParticles is not a function", source: file:///Users/teddy/Documents/github/typing-mini-games/wordDefender.js (431)
[54614:15826905:0606/155937.755362:INFO:CONSOLE:431] "Uncaught TypeError: this.drawParticles is not a function", source: file:///Users/teddy/Documents/github/typing-mini-games/wordDefender.js (431)
[54614:15826905:0606/155937.772412:INFO:CONSOLE:431] "Uncaught TypeError: this.drawParticles is not a function", source: file:///Users/teddy/Documents/github/typing-mini-games/wordDefender.js (431)
[54614:15826905:0606/155937.788338:INFO:CONSOLE:431] "Uncaught TypeError: this.drawParticles is not a function", source: file:///Users/teddy/Documents/github/typing-mini-games/wordDefender.js (431)
[54614:15826905:0606/155937.806264:INFO:CONSOLE:431] "Uncaught TypeError: this.drawParticles is not a function", source: file:///Users/teddy/Documents/github/typing-mini-games/wordDefender.js (431)
[54614:15826905:0606/155937.821474:INFO:CONSOLE:431] "Uncaught TypeError: this.drawParticles is not a function", source: file:///Users/teddy/Documents/github/typing-mini-games/wordDefender.js (431)
[54614:15826905:0606/155937.838156:INFO:CONSOLE:431] "Uncaught TypeError: this.drawParticles is not a function", source: file:///Users/teddy/Documents/github/typing-mini-games/wordDefender.js (431)
[54614:15826905:0606/155937.854767:INFO:CONSOLE:431] "Uncaught TypeError: this.drawParticles is not a function", source: file:///Users/teddy/Documents/github/typing-mini-games/wordDefender.js (431)
[54614:15826905:0606/155937.871184:INFO:CONSOLE:431] "Uncaught TypeError: this.drawParticles is not a function", source: file:///Users/teddy/Documents/github/typing-mini-games/wordDefender.js (431)
[54614:15826905:0606/155937.888278:INFO:CONSOLE:431] "Uncaught TypeError: this.drawParticles is not a function", source: file:///Users/teddy/Documents/github/typing-mini-games/wordDefender.js (431)
[54614:15826905:0606/155937.904935:INFO:CONSOLE:431] "Uncaught TypeError: this.drawParticles is not a function", source: file:///Users/teddy/Documents/github/typing-mini-games/wordDefender.js (431)
[54614:15826905:0606/155937.930096:INFO:CONSOLE:431] "Uncaught TypeError: this.drawParticles is not a function", source: file:///Users/teddy/Documents/github/typing-mini-games/wordDefender.js (431)
[54614:15826905:0606/155937.937599:INFO:CONSOLE:431] "Uncaught TypeError: this.drawParticles is not a function", source: file:///Users/teddy/Documents/github/typing-mini-games/wordDefender.js (431)
[54614:15826905:0606/155937.965852:INFO:CONSOLE:431] "Uncaught TypeError: this.drawParticles is not a function", source: file:///Users/teddy/Documents/github/typing-mini-games/wordDefender.js (431)
[54614:15826905:0606/155937.970398:INFO:CONSOLE:431] "Uncaught TypeError: this.drawParticles is not a function", source: file:///Users/teddy/Documents/github/typing-mini-games/wordDefender.js (431)
[54614:15826905:0606/155937.988027:INFO:CONSOLE:431] "Uncaught TypeError: this.drawParticles is not a function", source: file:///Users/teddy/Documents/github/typing-mini-games/wordDefender.js (431)
[54614:15826905:0606/155938.005032:INFO:CONSOLE:431] "Uncaught TypeError: this.drawParticles is not a function", source: file:///Users/teddy/Documents/github/typing-mini-games/wordDefender.js (431)
[54614:15826905:0606/155938.020116:INFO:CONSOLE:431] "Uncaught TypeError: this.drawParticles is not a function", source: file:///Users/teddy/Documents/github/typing-mini-games/wordDefender.js (431)
[54614:15826905:0606/155938.037609:INFO:CONSOLE:431] "Uncaught TypeError: this.drawParticles is not a function", source: file:///Users/teddy/Documents/github/typing-mini-games/wordDefender.js (431)
[54614:15826905:0606/155938.053231:INFO:CONSOLE:431] "Uncaught TypeError: this.drawParticles is not a function", source: file:///Users/teddy/Documents/github/typing-mini-games/wordDefender.js (431)
[54614:15826905:0606/155938.070686:INFO:CONSOLE:431] "Uncaught TypeError: this.drawParticles is not a function", source: file:///Users/teddy/Documents/github/typing-mini-games/wordDefender.js (431)
[54614:15826905:0606/155938.087810:INFO:CONSOLE:431] "Uncaught TypeError: this.drawParticles is not a function", source: file:///Users/teddy/Documents/github/typing-mini-games/wordDefender.js (431)
[54614:15826905:0606/155938.104444:INFO:CONSOLE:431] "Uncaught TypeError: this.drawParticles is not a function", source: file:///Users/teddy/Documents/github/typing-mini-games/wordDefender.js (431)
[54614:15826905:0606/155938.120875:INFO:CONSOLE:431] "Uncaught TypeError: this.drawParticles is not a function", source: file:///Users/teddy/Documents/github/typing-mini-games/wordDefender.js (431)
[54614:15826905:0606/155938.137935:INFO:CONSOLE:431] "Uncaught TypeError: this.drawParticles is not a function", source: file:///Users/teddy/Documents/github/typing-mini-games/wordDefender.js (431)
[54614:15826905:0606/155938.155031:INFO:CONSOLE:431] "Uncaught TypeError: this.drawParticles is not a function", source: file:///Users/teddy/Documents/github/typing-mini-games/wordDefender.js (431)
[54614:15826905:0606/155938.171683:INFO:CONSOLE:431] "Uncaught TypeError: this.drawParticles is not a function", source: file:///Users/teddy/Documents/github/typing-mini-games/wordDefender.js (431)
[54614:15826905:0606/155938.188198:INFO:CONSOLE:431] "Uncaught TypeError: this.drawParticles is not a function", source: file:///Users/teddy/Documents/github/typing-mini-games/wordDefender.js (431)
[54614:15826905:0606/155938.204751:INFO:CONSOLE:431] "Uncaught TypeError: this.drawParticles is not a function", source: file:///Users/teddy/Documents/github/typing-mini-games/wordDefender.js (431)
[54614:15826905:0606/155938.221682:INFO:CONSOLE:431] "Uncaught TypeError: this.drawParticles is not a function", source: file:///Users/teddy/Documents/github/typing-mini-games/wordDefender.js (431)
[54614:15826905:0606/155938.238538:INFO:CONSOLE:431] "Uncaught TypeError: this.drawParticles is not a function", source: file:///Users/teddy/Documents/github/typing-mini-games/wordDefender.js (431)
[54614:15826905:0606/155938.255008:INFO:CONSOLE:431] "Uncaught TypeError: this.drawParticles is not a function", source: file:///Users/teddy/Documents/github/typing-mini-games/wordDefender.js (431)
[54614:15826905:0606/155938.272232:INFO:CONSOLE:431] "Uncaught TypeError: this.drawParticles is not a function", source: file:///Users/teddy/Documents/github/typing-mini-games/wordDefender.js (431)
[54614:15826905:0606/155938.287766:INFO:CONSOLE:431] "Uncaught TypeError: this.drawParticles is not a function", source: file:///Users/teddy/Documents/github/typing-mini-games/wordDefender.js (431)
[54614:15826905:0606/155938.305432:INFO:CONSOLE:431] "Uncaught TypeError: this.drawParticles is not a function", source: file:///Users/teddy/Documents/github/typing-mini-games/wordDefender.js (431)
[54614:15826905:0606/155938.321183:INFO:CONSOLE:431] "Uncaught TypeError: this.drawParticles is not a function", source: file:///Users/teddy/Documents/github/typing-mini-games/wordDefender.js (431)
[54614:15826905:0606/155938.337782:INFO:CONSOLE:431] "Uncaught TypeError: this.drawParticles is not a function", source: file:///Users/teddy/Documents/github/typing-mini-games/wordDefender.js (431)
[54614:15826905:0606/155938.354194:INFO:CONSOLE:431] "Uncaught TypeError: this.drawParticles is not a function", source: file:///Users/teddy/Documents/github/typing-mini-games/wordDefender.js (431)
[54614:15826905:0606/155938.371860:INFO:CONSOLE:431] "Uncaught TypeError: this.drawParticles is not a function", source: file:///Users/teddy/Documents/github/typing-mini-games/wordDefender.js (431)
[54614:15826905:0606/155938.388101:INFO:CONSOLE:431] "Uncaught TypeError: this.drawParticles is not a function", source: file:///Users/teddy/Documents/github/typing-mini-games/wordDefender.js (431)
[54614:15826905:0606/155938.404249:INFO:CONSOLE:431] "Uncaught TypeError: this.drawParticles is not a function", source: file:///Users/teddy/Documents/github/typing-mini-games/wordDefender.js (431)
[54614:15826905:0606/155938.421328:INFO:CONSOLE:431] "Uncaught TypeError: this.drawParticles is not a function", source: file:///Users/teddy/Documents/github/typing-mini-games/wordDefender.js (431)
[54614:15826905:0606/155938.437713:INFO:CONSOLE:431] "Uncaught TypeError: this.drawParticles is not a function", source: file:///Users/teddy/Documents/github/typing-mini-games/wordDefender.js (431)
[54614:15826905:0606/155938.455290:INFO:CONSOLE:431] "Uncaught TypeError: this.drawParticles is not a function", source: file:///Users/teddy/Documents/github/typing-mini-games/wordDefender.js (431)
[54614:15826905:0606/155938.472010:INFO:CONSOLE:431] "Uncaught TypeError: this.drawParticles is not a function", source: file:///Users/teddy/Documents/github/typing-mini-games/wordDefender.js (431)
[54614:15826905:0606/155938.487622:INFO:CONSOLE:431] "Uncaught TypeError: this.drawParticles is not a function", source: file:///Users/teddy/Documents/github/typing-mini-games/wordDefender.js (431)
[54614:15826905:0606/155938.505356:INFO:CONSOLE:431] "Uncaught TypeError: this.drawParticles is not a function", source: file:///Users/teddy/Documents/github/typing-mini-games/wordDefender.js (431)
[54614:15826905:0606/155938.522068:INFO:CONSOLE:431] "Uncaught TypeError: this.drawParticles is not a function", source: file:///Users/teddy/Documents/github/typing-mini-games/wordDefender.js (431)
[54614:15826905:0606/155938.538967:INFO:CONSOLE:431] "Uncaught TypeError: this.drawParticles is not a function", source: file:///Users/teddy/Documents/github/typing-mini-games/wordDefender.js (431)
[54614:15826905:0606/155938.554395:INFO:CONSOLE:431] "Uncaught TypeError: this.drawParticles is not a function", source: file:///Users/teddy/Documents/github/typing-mini-games/wordDefender.js (431)
[54614:15826905:0606/155938.571575:INFO:CONSOLE:431] "Uncaught TypeError: this.drawParticles is not a function", source: file:///Users/teddy/Documents/github/typing-mini-games/wordDefender.js (431)
[54614:15826905:0606/155938.588523:INFO:CONSOLE:431] "Uncaught TypeError: this.drawParticles is not a function", source: file:///Users/teddy/Documents/github/typing-mini-games/wordDefender.js (431)
[54614:15826905:0606/155938.605551:INFO:CONSOLE:431] "Uncaught TypeError: this.drawParticles is not a function", source: file:///Users/teddy/Documents/github/typing-mini-games/wordDefender.js (431)
[54614:15826905:0606/155938.622558:INFO:CONSOLE:431] "Uncaught TypeError: this.drawParticles is not a function", source: file:///Users/teddy/Documents/github/typing-mini-games/wordDefender.js (431)
[54614:15826905:0606/155938.638215:INFO:CONSOLE:431] "Uncaught TypeError: this.drawParticles is not a function", source: file:///Users/teddy/Documents/github/typing-mini-games/wordDefender.js (431)
[54614:15826905:0606/155938.655384:INFO:CONSOLE:431] "Uncaught TypeError: this.drawParticles is not a function", source: file:///Users/teddy/Documents/github/typing-mini-games/wordDefender.js (431)
[54614:15826905:0606/155938.671812:INFO:CONSOLE:431] "Uncaught TypeError: this.drawParticles is not a function", source: file:///Users/teddy/Documents/github/typing-mini-games/wordDefender.js (431)
[54614:15826905:0606/155938.689170:INFO:CONSOLE:431] "Uncaught TypeError: this.drawParticles is not a function", source: file:///Users/teddy/Documents/github/typing-mini-games/wordDefender.js (431)
[54614:15826905:0606/155938.705517:INFO:CONSOLE:431] "Uncaught TypeError: this.drawParticles is not a function", source: file:///Users/teddy/Documents/github/typing-mini-games/wordDefender.js (431)
[54614:15826905:0606/155938.722290:INFO:CONSOLE:431] "Uncaught TypeError: this.drawParticles is not a function", source: file:///Users/teddy/Documents/github/typing-mini-games/wordDefender.js (431)
[54614:15826905:0606/155938.738383:INFO:CONSOLE:431] "Uncaught TypeError: this.drawParticles is not a function", source: file:///Users/teddy/Documents/github/typing-mini-games/wordDefender.js (431)
[54620:15826976:0606/155938.829936:WARNING:net/extras/sqlite/sqlite_persistent_store_backend_base.cc:179] Failed to post task from FlushAndNotifyInBackground@net/extras/sqlite/sqlite_persistent_store_backend_base.cc:229 to client_task_runner_.
[54620:15826976:0606/155938.830268:WARNING:net/extras/sqlite/sqlite_persistent_store_backend_base.cc:179] Failed to post task from FlushAndNotifyInBackground@net/extras/sqlite/sqlite_persistent_store_backend_base.cc:229 to client_task_runner_.
